<?xml version="1.0" encoding="UTF-8"?>
<testng-results skipped="0" failed="0" ignored="0" total="1" passed="1">
  <reporter-output>
  </reporter-output>
  <suite name="Default suite" duration-ms="6514" started-at="2021-10-08T09:07:05Z" finished-at="2021-10-08T09:07:11Z">
    <groups>
    </groups>
    <test name="Default test" duration-ms="6514" started-at="2021-10-08T09:07:05Z" finished-at="2021-10-08T09:07:11Z">
      <class name="POM.ExtentReport">
        <test-method status="PASS" signature="Title(java.lang.reflect.Method)[pri:0, instance:POM.ExtentReport@3a93b025]" name="Title" duration-ms="6489" started-at="2021-10-08T11:07:05Z" finished-at="2021-10-08T11:07:11Z">
          <params>
            <param index="0">
              <value>
                <![CDATA[public void POM.ExtentReport.Title(java.lang.reflect.Method)]]>
              </value>
            </param>
          </params>
          <reporter-output>
          </reporter-output>
        </test-method> <!-- Title -->
      </class> <!-- POM.ExtentReport -->
    </test> <!-- Default test -->
  </suite> <!-- Default suite -->
</testng-results>
